<?xml version="1.0" encoding="UTF-8"?>
<testng-results ignored="0" total="1" passed="1" failed="0" skipped="0">
  <reporter-output>
  </reporter-output>
  <suite started-at="2025-10-03T13:28:35 IST" name="Default suite" finished-at="2025-10-03T13:28:41 IST" duration-ms="6023">
    <groups>
    </groups>
    <test started-at="2025-10-03T13:28:35 IST" name="Default test" finished-at="2025-10-03T13:28:41 IST" duration-ms="6023">
      <class name="newwebsiteautomation.register.VerificationForWithoutFillDetail">
        <test-method signature="main()[pri:0, instance:newwebsiteautomation.register.VerificationForWithoutFillDetail@34123d65]" started-at="2025-10-03T13:28:35 IST" name="main" finished-at="2025-10-03T13:28:41 IST" duration-ms="5978" status="PASS">
          <reporter-output>
          </reporter-output>
        </test-method> <!-- main -->
      </class> <!-- newwebsiteautomation.register.VerificationForWithoutFillDetail -->
    </test> <!-- Default test -->
  </suite> <!-- Default suite -->
</testng-results>
