<?xml version="1.0" encoding="UTF-8"?>
<testng-results ignored="0" total="1" passed="1" failed="0" skipped="0">
  <reporter-output>
  </reporter-output>
  <suite started-at="2025-09-30T15:08:55 IST" name="Default suite" finished-at="2025-09-30T15:09:00 IST" duration-ms="4654">
    <groups>
    </groups>
    <test started-at="2025-09-30T15:08:55 IST" name="Default test" finished-at="2025-09-30T15:09:00 IST" duration-ms="4654">
      <class name="newwebsiteautomation.register.RegisterAccount">
        <test-method signature="RegisterPage()[pri:0, instance:newwebsiteautomation.register.RegisterAccount@3349e9bb]" started-at="2025-09-30T15:08:55 IST" name="RegisterPage" finished-at="2025-09-30T15:09:00 IST" duration-ms="4602" status="PASS">
          <reporter-output>
          </reporter-output>
        </test-method> <!-- RegisterPage -->
      </class> <!-- newwebsiteautomation.register.RegisterAccount -->
    </test> <!-- Default test -->
  </suite> <!-- Default suite -->
</testng-results>
